<?xml version="1.0" encoding="UTF-8"?>
<!-- Generated by org.testng.reporters.JUnitXMLReporter -->
<testsuite ignored="15" hostname="BSTPL-LAP-69" failures="2" tests="2" name="All" time="0.157" errors="0" timestamp="2025-01-24T18:16:28 IST">
  <testcase classname="CL.SeleniumFramework.LoginAndResetPassword.Login" name="invalidLogin" time="0.021">
    <failure type="java.lang.NullPointerException" message="Cannot invoke &amp;quot;org.openqa.selenium.WebDriver.get(String)&amp;quot; because &amp;quot;this.driver&amp;quot; is null">
      <![CDATA[java.lang.NullPointerException: Cannot invoke "org.openqa.selenium.WebDriver.get(String)" because "this.driver" is null
at CommonFunctions.ReusableFunctions.goToURL(ReusableFunctions.java:41)
at CommonFunctions.BaseTest.launchApplication(BaseTest.java:66)
at CL.SeleniumFramework.LoginAndResetPassword.Login.invalidLogin(Login.java:43)
at java.base/java.util.ArrayList.forEach(ArrayList.java:1597)
... Removed 25 stack frames]]>
    </failure>
  </testcase> <!-- invalidLogin -->
  <testcase classname="CL.SeleniumFramework.LoginAndResetPassword.Login" name="validLogin" time="0.068">
    <failure type="java.lang.NullPointerException" message="Cannot invoke &amp;quot;org.openqa.selenium.SearchContext.findElement(org.openqa.selenium.By)&amp;quot; because &amp;quot;this.searchContext&amp;quot; is null">
      <![CDATA[java.lang.NullPointerException: Cannot invoke "org.openqa.selenium.SearchContext.findElement(org.openqa.selenium.By)" because "this.searchContext" is null
at org.openqa.selenium.support.pagefactory.DefaultElementLocator.findElement(DefaultElementLocator.java:68)
at org.openqa.selenium.support.pagefactory.internal.LocatingElementHandler.invoke(LocatingElementHandler.java:38)
at jdk.proxy2/jdk.proxy2.$Proxy13.clear(Unknown Source)
at CL.SeleniumFramework.adminPortal.LoginAndResetPassword.LoginPage.loginAdminPortal(LoginPage.java:50)
at CL.SeleniumFramework.LoginAndResetPassword.Login.validLogin(Login.java:55)
at java.base/java.util.ArrayList.forEach(ArrayList.java:1597)
... Removed 25 stack frames]]>
    </failure>
  </testcase> <!-- validLogin -->
  <testcase classname="CL.SeleniumFramework.Campaigns.TextCampaign" name="newTextCampaign" time="0.0">
    <ignored/>
  </testcase> <!-- newTextCampaign -->
  <testcase classname="CL.SeleniumFramework.Promotions.Promotions" name="addNewPulsemPromoCode" time="0.0">
    <ignored/>
  </testcase> <!-- addNewPulsemPromoCode -->
  <testcase classname="CL.SeleniumFramework.Campaigns.PostCardCampaign" name="createPostCardCampaign" time="0.0">
    <ignored/>
  </testcase> <!-- createPostCardCampaign -->
  <testcase classname="CL.SeleniumFramework.LoginAndResetPassword.ResetPassword" name="resetInvalidUserPassword" time="0.0">
    <ignored/>
  </testcase> <!-- resetInvalidUserPassword -->
  <testcase classname="CL.SeleniumFramework.Users.AdminUsers" name="addNewAdminUser" time="0.0">
    <ignored/>
  </testcase> <!-- addNewAdminUser -->
  <testcase classname="CL.SeleniumFramework.directConnect.workFlowSystem" name="createNewWorkFlowSystem" time="0.0">
    <ignored/>
  </testcase> <!-- createNewWorkFlowSystem -->
  <testcase classname="CL.SeleniumFramework.Users.AdminUsers" name="loginWithNewAdminUser" time="0.0">
    <ignored/>
  </testcase> <!-- loginWithNewAdminUser -->
  <testcase classname="CL.SeleniumFramework.Companies.FreeTrialCompany" name="addNewInsightsCompmany" time="0.0">
    <ignored/>
  </testcase> <!-- addNewInsightsCompmany -->
  <testcase classname="CL.SeleniumFramework.Companies.Insights" name="addNewInsightsCompmany" time="0.0">
    <ignored/>
  </testcase> <!-- addNewInsightsCompmany -->
  <testcase classname="CL.SeleniumFramework.Companies.Enterprise" name="createEmailCampaign" time="0.0">
    <ignored/>
  </testcase> <!-- createEmailCampaign -->
  <testcase classname="CL.SeleniumFramework.LoginAndResetPassword.ResetPassword" name="resetValidUserPassword" time="0.0">
    <ignored/>
  </testcase> <!-- resetValidUserPassword -->
  <testcase classname="CL.SeleniumFramework.Users.AdminUsers" name="deleteUser" time="0.0">
    <ignored/>
  </testcase> <!-- deleteUser -->
  <testcase classname="CL.SeleniumFramework.Campaigns.EmailCampaign" name="createEmailCampaign" time="0.0">
    <ignored/>
  </testcase> <!-- createEmailCampaign -->
  <testcase classname="CL.SeleniumFramework.Promotions.Promotions" name="addNewClPromoCode" time="0.0">
    <ignored/>
  </testcase> <!-- addNewClPromoCode -->
  <testcase classname="CL.SeleniumFramework.Categories.AdminCategory" name="createNewAdminCategory" time="0.0">
    <ignored/>
  </testcase> <!-- createNewAdminCategory -->
</testsuite> <!-- All -->
